2023-12-15 21:34:42,750 DEBUG bot start
2023-12-15 21:35:24,869 DEBUG get_list_admins in crud.py, stmt:
 SELECT admin.id, admin.nickname, admin.create_date 
FROM admin
2023-12-15 21:35:48,127 DEBUG get_list_admins in crud.py, stmt:
 SELECT admin.id, admin.nickname, admin.create_date 
FROM admin
2023-12-15 21:35:48,302 DEBUG get_list_admins in crud.py, stmt:
 SELECT admin.id, admin.nickname, admin.create_date 
FROM admin
2023-12-15 21:35:48,475 DEBUG get_list_admins in crud.py, stmt:
 SELECT admin.id, admin.nickname, admin.create_date 
FROM admin
2023-12-15 21:35:48,640 DEBUG get_list_admins in crud.py, stmt:
 SELECT admin.id, admin.nickname, admin.create_date 
FROM admin
2023-12-15 21:35:48,809 DEBUG get_list_admins in crud.py, stmt:
 SELECT admin.id, admin.nickname, admin.create_date 
FROM admin
2023-12-15 21:36:17,796 DEBUG get_list_admins in crud.py, stmt:
 SELECT admin.id, admin.nickname, admin.create_date 
FROM admin
2023-12-15 21:36:18,014 DEBUG get_list_admins in crud.py, stmt:
 SELECT admin.id, admin.nickname, admin.create_date 
FROM admin
2023-12-15 21:36:18,246 DEBUG get_list_admins in crud.py, stmt:
 SELECT admin.id, admin.nickname, admin.create_date 
FROM admin
2023-12-15 21:36:18,491 DEBUG get_list_admins in crud.py, stmt:
 SELECT admin.id, admin.nickname, admin.create_date 
FROM admin
2023-12-15 21:36:18,740 DEBUG get_list_admins in crud.py, stmt:
 SELECT admin.id, admin.nickname, admin.create_date 
FROM admin
2023-12-15 21:36:19,500 DEBUG start check_unpay_users_ban in admin_hand_serv.py user
2023-12-15 21:36:19,503 DEBUG get_list_groups in crud.py, stmt:
 SELECT groups.id, groups.nickname, groups.link_chat, groups.news_group, groups.create_date 
FROM groups
2023-12-15 21:36:19,856 DEBUG get_all_user in crud.py, stmt:
 SELECT users.id, users.nickname, users.tg_id, users.pay, users.ban, users.create_date, users.user_link, users.first_name, users.last_name 
FROM users ORDER BY users.nickname
2023-12-15 21:36:20,020 DEBUG get_list_admins in crud.py, stmt:
 SELECT admin.id, admin.nickname, admin.create_date 
FROM admin
2023-12-15 21:36:21,173 DEBUG for group in groups: group: PrivateGroupTest, id: -1002052813008
2023-12-15 21:36:25,385 DEBUG for chat_member in list_chat_member: chat_member: None
2023-12-15 21:36:25,386 DEBUG for user_db in users_fom_db: user_db: maraaaatttts chat_member: None id: 5631597943, user_db: maraaaatttts  id: 5631597943
2023-12-15 21:36:25,386 DEBUG for member in list_member_without_admin: member: None
2023-12-15 21:36:25,508 DEBUG if chat_member.user.username not in users_name: call crud.insert_userNone)
2023-12-15 21:36:25,509 DEBUG save_pay_user in crud.py obj: <db.models.Users object at 0x7f8c00632110>
2023-12-15 21:46:50,724 INFO bot start
2023-12-15 21:46:55,240 DEBUG get_list_admins in crud.py, stmt:
 SELECT admin.id, admin.nickname, admin.create_date 
FROM admin
2023-12-15 21:46:56,032 DEBUG get_list_admins in crud.py, stmt:
 SELECT admin.id, admin.nickname, admin.create_date 
FROM admin
2023-12-15 21:46:56,213 DEBUG get_list_admins in crud.py, stmt:
 SELECT admin.id, admin.nickname, admin.create_date 
FROM admin
2023-12-15 21:46:56,372 DEBUG get_list_admins in crud.py, stmt:
 SELECT admin.id, admin.nickname, admin.create_date 
FROM admin
2023-12-15 21:46:56,526 DEBUG start NotAdminFilter in filters.py user: ibragimmanus user id: 6290157045
2023-12-15 21:46:56,527 DEBUG zaebalo v filtrah
2023-12-15 21:46:56,527 DEBUG end NotAdminFilter in filters.py return True
2023-12-15 21:47:00,570 DEBUG get_list_admins in crud.py, stmt:
 SELECT admin.id, admin.nickname, admin.create_date 
FROM admin
2023-12-15 21:47:00,723 DEBUG get_list_admins in crud.py, stmt:
 SELECT admin.id, admin.nickname, admin.create_date 
FROM admin
2023-12-15 21:47:00,876 DEBUG get_list_admins in crud.py, stmt:
 SELECT admin.id, admin.nickname, admin.create_date 
FROM admin
2023-12-15 21:47:01,030 DEBUG get_list_admins in crud.py, stmt:
 SELECT admin.id, admin.nickname, admin.create_date 
FROM admin
2023-12-15 21:47:01,187 DEBUG start NotAdminFilter in filters.py user: ibragimmanus user id: 6290157045
2023-12-15 21:47:01,187 DEBUG zaebalo v filtrah
2023-12-15 21:47:01,188 DEBUG end NotAdminFilter in filters.py return True
2023-12-15 21:47:09,858 DEBUG get_list_admins in crud.py, stmt:
 SELECT admin.id, admin.nickname, admin.create_date 
FROM admin
2023-12-15 21:47:10,012 DEBUG get_list_admins in crud.py, stmt:
 SELECT admin.id, admin.nickname, admin.create_date 
FROM admin
2023-12-15 21:47:10,167 DEBUG get_list_admins in crud.py, stmt:
 SELECT admin.id, admin.nickname, admin.create_date 
FROM admin
2023-12-15 21:47:10,328 DEBUG get_list_admins in crud.py, stmt:
 SELECT admin.id, admin.nickname, admin.create_date 
FROM admin
2023-12-15 21:47:10,491 DEBUG start NotAdminFilter in filters.py user: ibragimmanus user id: 6290157045
2023-12-15 21:47:10,491 DEBUG zaebalo v filtrah
2023-12-15 21:47:10,491 DEBUG end NotAdminFilter in filters.py return True
2023-12-15 21:47:29,253 DEBUG get_list_admins in crud.py, stmt:
 SELECT admin.id, admin.nickname, admin.create_date 
FROM admin
2023-12-15 21:47:44,258 DEBUG get_list_admins in crud.py, stmt:
 SELECT admin.id, admin.nickname, admin.create_date 
FROM admin
2023-12-15 21:47:44,410 DEBUG get_list_admins in crud.py, stmt:
 SELECT admin.id, admin.nickname, admin.create_date 
FROM admin
2023-12-15 21:47:44,570 DEBUG get_list_admins in crud.py, stmt:
 SELECT admin.id, admin.nickname, admin.create_date 
FROM admin
2023-12-15 21:47:44,723 DEBUG get_list_admins in crud.py, stmt:
 SELECT admin.id, admin.nickname, admin.create_date 
FROM admin
2023-12-15 21:47:44,876 DEBUG start NotAdminFilter in filters.py user: ibragimmanus user id: 6290157045
2023-12-15 21:47:44,877 DEBUG zaebalo v filtrah
2023-12-15 21:47:44,877 DEBUG end NotAdminFilter in filters.py return True
2023-12-15 21:50:47,121 DEBUG get_list_admins in crud.py, stmt:
 SELECT admin.id, admin.nickname, admin.create_date 
FROM admin
2023-12-15 21:50:51,111 DEBUG get_list_admins in crud.py, stmt:
 SELECT admin.id, admin.nickname, admin.create_date 
FROM admin
2023-12-15 21:50:51,263 DEBUG get_list_admins in crud.py, stmt:
 SELECT admin.id, admin.nickname, admin.create_date 
FROM admin
2023-12-15 21:50:51,415 DEBUG get_list_admins in crud.py, stmt:
 SELECT admin.id, admin.nickname, admin.create_date 
FROM admin
2023-12-15 21:50:51,564 DEBUG get_list_admins in crud.py, stmt:
 SELECT admin.id, admin.nickname, admin.create_date 
FROM admin
2023-12-15 21:50:51,724 DEBUG get_list_admins in crud.py, stmt:
 SELECT admin.id, admin.nickname, admin.create_date 
FROM admin
2023-12-15 21:50:55,210 DEBUG get_list_admins in crud.py, stmt:
 SELECT admin.id, admin.nickname, admin.create_date 
FROM admin
2023-12-15 21:50:55,367 DEBUG get_list_admins in crud.py, stmt:
 SELECT admin.id, admin.nickname, admin.create_date 
FROM admin
2023-12-15 21:50:55,532 DEBUG get_list_admins in crud.py, stmt:
 SELECT admin.id, admin.nickname, admin.create_date 
FROM admin
2023-12-15 21:50:55,685 DEBUG get_list_admins in crud.py, stmt:
 SELECT admin.id, admin.nickname, admin.create_date 
FROM admin
2023-12-15 21:50:55,841 DEBUG get_list_admins in crud.py, stmt:
 SELECT admin.id, admin.nickname, admin.create_date 
FROM admin
2023-12-15 21:50:56,123 DEBUG start check_unpay_users_ban in admin_hand_serv.py user
2023-12-15 21:50:56,128 DEBUG get_list_groups in crud.py, stmt:
 SELECT groups.id, groups.nickname, groups.link_chat, groups.news_group, groups.create_date 
FROM groups
2023-12-15 21:50:56,290 DEBUG get_all_user in crud.py, stmt:
 SELECT users.id, users.nickname, users.tg_id, users.pay, users.ban, users.create_date, users.user_link, users.first_name, users.last_name 
FROM users ORDER BY users.nickname
2023-12-15 21:50:56,447 DEBUG get_list_admins in crud.py, stmt:
 SELECT admin.id, admin.nickname, admin.create_date 
FROM admin
2023-12-15 21:50:57,599 DEBUG for group in groups: group: PrivateGroupTest, id: -1002052813008
2023-12-15 21:51:02,517 DEBUG for chat_member in list_chat_member: chat_member: None
2023-12-15 21:51:02,517 DEBUG for member in list_member_without_admin: member: None
2023-12-15 21:51:02,633 DEBUG if chat_member.user.username not in users_name: call crud.insert_userNone)
2023-12-15 21:51:02,634 DEBUG save_pay_user in crud.py obj: <db.models.Users object at 0x7fcfb8dfd010>
2023-12-15 21:51:02,799 DEBUG if chat_member.user.username not in pay_users_name: chat_member: None call bot.ban_chat_member(chat_id=-1002052813008, user_id=5631597943)
2023-12-15 21:51:03,033 DEBUG start chat_member_update in chat_handlers.py
2023-12-15 21:51:03,033 DEBUG group name: None user nick eduardtest12384939302BoT
2023-12-15 21:51:03,036 DEBUG get_list_admins in crud.py, stmt:
 SELECT admin.id, admin.nickname, admin.create_date 
FROM admin
2023-12-15 21:51:03,193 DEBUG get_user_for_nickname in crud.py, stmt:
 SELECT users.id, users.nickname, users.tg_id, users.pay, users.ban, users.create_date, users.user_link, users.first_name, users.last_name 
FROM users 
WHERE users.nickname = :nickname_1
2023-12-15 21:51:03,346 DEBUG get_list_groups in crud.py, stmt:
 SELECT groups.id, groups.nickname, groups.link_chat, groups.news_group, groups.create_date 
FROM groups
2023-12-15 21:51:03,501 DEBUG start _user_without_tg_id_check in chat_handler.py
2023-12-15 21:51:03,501 DEBUG end _user_without_tg_id_check in chat_handler.py
2023-12-15 21:51:03,501 DEBUG start _ban_user_by_groups in chat_handler.py
2023-12-15 21:51:03,501 DEBUG popitka bana PrivateGroupTest 6616853828 eduardtest12384939302BoT
2023-12-15 21:51:04,505 DEBUG end check_unpay_users_ban in admin_hand_serv.py return FSInputFile('delete_user.txt')
2023-12-15 21:51:04,806 DEBUG negative ban PrivateGroupTest 6616853828 eduardtest12384939302BoT
2023-12-15 21:51:04,807 WARNING Telegram server says - Bad Request: can't restrict self
2023-12-15 21:51:04,838 DEBUG end _ban_user_by_groups in chat_handler.py
2023-12-15 21:51:04,838 DEBUG ban in chat_member_update in chat_handlers.py user: eduardtest12384939302BoT id user: 6616853828 chat name None
2023-12-15 21:51:04,838 DEBUG start _save_ban_user in chat_handler.py
2023-12-15 21:51:04,839 DEBUG save_pay_user in crud.py obj: <db.models.Users object at 0x7fcfb8383510>
2023-12-15 21:51:04,996 DEBUG end _save_ban_user in chat_handler.py
2023-12-15 21:51:04,997 DEBUG end  chat_member_update in chat_handlers.py
2023-12-15 22:10:25,131 INFO bot start
2023-12-15 22:11:16,903 DEBUG get_list_admins in crud.py, stmt:
 SELECT admin.id, admin.nickname, admin.create_date 
FROM admin
2023-12-15 22:11:19,947 DEBUG get_list_admins in crud.py, stmt:
 SELECT admin.id, admin.nickname, admin.create_date 
FROM admin
2023-12-15 22:11:21,377 DEBUG get_list_admins in crud.py, stmt:
 SELECT admin.id, admin.nickname, admin.create_date 
FROM admin
2023-12-15 22:11:25,010 DEBUG get_list_admins in crud.py, stmt:
 SELECT admin.id, admin.nickname, admin.create_date 
FROM admin
2023-12-15 22:11:25,169 DEBUG get_list_admins in crud.py, stmt:
 SELECT admin.id, admin.nickname, admin.create_date 
FROM admin
2023-12-15 22:11:25,331 DEBUG add_users_by_nickname in crud.py try: user: <db.models.Users object at 0x7f11e58bb7d0>
2023-12-15 22:11:25,502 DEBUG end dd_users_by_nickname in crud.py: marattssss добавлен в оплаченные
2023-12-15 22:11:25,503 DEBUG start unban user_start in admin_hand_serv.py user: marattssss
2023-12-15 22:11:25,511 DEBUG get_user_for_nickname in crud.py, stmt:
 SELECT users.id, users.nickname, users.tg_id, users.pay, users.ban, users.create_date, users.user_link, users.first_name, users.last_name 
FROM users 
WHERE users.nickname = :nickname_1
2023-12-15 22:11:25,669 DEBUG unban_user in crud.py, stmt:
 UPDATE users SET ban=:ban WHERE users.nickname = :nickname_1
2023-12-15 22:11:25,821 DEBUG end unban user_start in admin_hand_serv.py user: marattssss
2023-12-15 22:11:42,169 DEBUG get_list_admins in crud.py, stmt:
 SELECT admin.id, admin.nickname, admin.create_date 
FROM admin
2023-12-15 22:11:42,321 DEBUG get_list_admins in crud.py, stmt:
 SELECT admin.id, admin.nickname, admin.create_date 
FROM admin
2023-12-15 22:11:42,472 DEBUG get_list_admins in crud.py, stmt:
 SELECT admin.id, admin.nickname, admin.create_date 
FROM admin
2023-12-15 22:11:42,624 DEBUG get_list_admins in crud.py, stmt:
 SELECT admin.id, admin.nickname, admin.create_date 
FROM admin
2023-12-15 22:11:42,787 DEBUG start IsPayMember in filters.py user: marattssss user id: 5631597943
2023-12-15 22:11:42,789 DEBUG get_user_for_nickname in crud.py, stmt:
 SELECT users.id, users.nickname, users.tg_id, users.pay, users.ban, users.create_date, users.user_link, users.first_name, users.last_name 
FROM users 
WHERE users.nickname = :nickname_1
2023-12-15 22:11:42,935 DEBUG if user and not user.tg_id:
2023-12-15 22:11:42,936 DEBUG try: crud.update_user: marattssss id: 5631597943
2023-12-15 22:11:42,938 DEBUG crud.update_user(UPDATE users SET tg_id=:tg_id, user_link=:user_link, first_name=:first_name, last_name=:last_name WHERE users.nickname = :nickname_1)
2023-12-15 22:11:43,094 DEBUG except: crud.delete_user_by_id(5631597943) and crud.update_user(marattssss)
2023-12-15 22:11:43,100 DEBUG get_user_by_id in crud.py, stmt:
 SELECT users.id, users.nickname, users.tg_id, users.pay, users.ban, users.create_date, users.user_link, users.first_name, users.last_name 
FROM users 
WHERE users.tg_id = :tg_id_1
2023-12-15 22:11:43,257 DEBUG delete_user_by_id in crud.py, stmt:
 DELETE FROM users WHERE users.tg_id = :tg_id_1
2023-12-15 22:11:43,418 DEBUG crud.update_user(UPDATE users SET tg_id=:tg_id, pay=:pay, ban=:ban, user_link=:user_link, first_name=:first_name, last_name=:last_name WHERE users.nickname = :nickname_1)
2023-12-15 22:11:43,573 DEBUG successful update user in except:
2023-12-15 22:11:43,573 DEBUG call admin_hand_serv.unban_user(marattssss) in NotAdminFilter
2023-12-15 22:11:43,574 DEBUG start unban user_start in admin_hand_serv.py user: marattssss
2023-12-15 22:11:43,578 DEBUG get_user_for_nickname in crud.py, stmt:
 SELECT users.id, users.nickname, users.tg_id, users.pay, users.ban, users.create_date, users.user_link, users.first_name, users.last_name 
FROM users 
WHERE users.nickname = :nickname_1
2023-12-15 22:11:43,733 DEBUG if user.pay and user.ban: marattssss
2023-12-15 22:11:43,736 DEBUG get_list_groups in crud.py, stmt:
 SELECT groups.id, groups.nickname, groups.link_chat, groups.news_group, groups.create_date 
FROM groups
2023-12-15 22:11:43,900 DEBUG start _unban_now in admin_hand_serv.py user: marattssss
2023-12-15 22:11:43,901 DEBUG if not group.news_group:
2023-12-15 22:11:43,901 DEBUG try: 
2023-12-15 22:11:44,214 DEBUG unban complete user marattssss in try: 
2023-12-15 22:11:44,214 DEBUG end _unban_now in admin_hand_serv.py user: marattssss
2023-12-15 22:11:44,217 DEBUG unban_user in crud.py, stmt:
 UPDATE users SET ban=:ban WHERE users.nickname = :nickname_1
2023-12-15 22:11:44,372 DEBUG end unban user_start in admin_hand_serv.py user: marattssss
2023-12-15 22:11:44,372 DEBUG end NotAdminFilter in filters.py user: marattssss pay user id: 5631597943 return True
2023-12-15 22:11:44,376 DEBUG get_links_for_user in crud.py, stmt:
 SELECT groups.id, groups.nickname, groups.link_chat, groups.news_group, groups.create_date 
FROM groups ORDER BY groups.nickname
2023-12-15 22:11:44,820 DEBUG start chat_member_update in chat_handlers.py
2023-12-15 22:11:44,821 DEBUG group name: PrivateGroupTest user nick eduardtest12384939302BoT
2023-12-15 22:11:44,822 DEBUG get_list_admins in crud.py, stmt:
 SELECT admin.id, admin.nickname, admin.create_date 
FROM admin
2023-12-15 22:11:44,974 DEBUG get_user_for_nickname in crud.py, stmt:
 SELECT users.id, users.nickname, users.tg_id, users.pay, users.ban, users.create_date, users.user_link, users.first_name, users.last_name 
FROM users 
WHERE users.nickname = :nickname_1
2023-12-15 22:11:45,121 DEBUG get_list_groups in crud.py, stmt:
 SELECT groups.id, groups.nickname, groups.link_chat, groups.news_group, groups.create_date 
FROM groups
2023-12-15 22:11:45,274 DEBUG start _user_without_tg_id_check in chat_handler.py
2023-12-15 22:11:45,274 DEBUG end _user_without_tg_id_check in chat_handler.py
2023-12-15 22:11:45,275 DEBUG start _ban_user_by_groups in chat_handler.py
2023-12-15 22:11:45,275 DEBUG popitka bana PrivateGroupTest 6616853828 eduardtest12384939302BoT
2023-12-15 22:11:45,353 DEBUG negative ban PrivateGroupTest 6616853828 eduardtest12384939302BoT
2023-12-15 22:11:45,354 WARNING Telegram server says - Bad Request: can't restrict self
2023-12-15 22:11:45,354 DEBUG end _ban_user_by_groups in chat_handler.py
2023-12-15 22:11:45,355 DEBUG ban in chat_member_update in chat_handlers.py user: eduardtest12384939302BoT id user: 6616853828 chat name None
2023-12-15 22:11:45,355 DEBUG start _save_ban_user in chat_handler.py
2023-12-15 22:11:45,356 DEBUG add_object in crud.py obj: <db.models.Users object at 0x7f11e5915b10>
2023-12-15 22:11:45,513 DEBUG end _save_ban_user in chat_handler.py
2023-12-15 22:11:45,513 DEBUG end  chat_member_update in chat_handlers.py
2023-12-15 22:20:56,326 DEBUG get_list_admins in crud.py, stmt:
 SELECT admin.id, admin.nickname, admin.create_date 
FROM admin
2023-12-15 22:20:58,654 DEBUG get_list_admins in crud.py, stmt:
 SELECT admin.id, admin.nickname, admin.create_date 
FROM admin
2023-12-15 22:21:00,024 DEBUG get_list_admins in crud.py, stmt:
 SELECT admin.id, admin.nickname, admin.create_date 
FROM admin
2023-12-15 22:21:05,667 DEBUG get_list_admins in crud.py, stmt:
 SELECT admin.id, admin.nickname, admin.create_date 
FROM admin
2023-12-15 22:21:05,815 DEBUG get_list_admins in crud.py, stmt:
 SELECT admin.id, admin.nickname, admin.create_date 
FROM admin
2023-12-15 22:21:05,961 DEBUG add_users_by_nickname in crud.py try: user: <db.models.Users object at 0x7f11e0d24390>
2023-12-15 22:21:06,118 DEBUG end dd_users_by_nickname in crud.py: marattssss добавлен в оплаченные
2023-12-15 22:21:06,118 DEBUG start unban user_start in admin_hand_serv.py user: marattssss
2023-12-15 22:21:06,121 DEBUG get_user_for_nickname in crud.py, stmt:
 SELECT users.id, users.nickname, users.tg_id, users.pay, users.ban, users.create_date, users.user_link, users.first_name, users.last_name 
FROM users 
WHERE users.nickname = :nickname_1
2023-12-15 22:21:06,276 DEBUG unban_user in crud.py, stmt:
 UPDATE users SET ban=:ban WHERE users.nickname = :nickname_1
2023-12-15 22:21:06,424 DEBUG end unban user_start in admin_hand_serv.py user: marattssss
2023-12-15 22:22:17,954 DEBUG get_list_admins in crud.py, stmt:
 SELECT admin.id, admin.nickname, admin.create_date 
FROM admin
2023-12-15 22:22:18,103 DEBUG get_list_admins in crud.py, stmt:
 SELECT admin.id, admin.nickname, admin.create_date 
FROM admin
2023-12-15 22:22:18,250 DEBUG get_list_admins in crud.py, stmt:
 SELECT admin.id, admin.nickname, admin.create_date 
FROM admin
2023-12-15 22:22:18,417 DEBUG get_list_admins in crud.py, stmt:
 SELECT admin.id, admin.nickname, admin.create_date 
FROM admin
2023-12-15 22:22:18,565 DEBUG start IsPayMember in filters.py user: marattssss user id: 5631597943
2023-12-15 22:22:18,569 DEBUG get_user_for_nickname in crud.py, stmt:
 SELECT users.id, users.nickname, users.tg_id, users.pay, users.ban, users.create_date, users.user_link, users.first_name, users.last_name 
FROM users 
WHERE users.nickname = :nickname_1
2023-12-15 22:22:18,716 DEBUG if user and not user.tg_id:
2023-12-15 22:22:18,716 DEBUG try: crud.update_user: marattssss id: 5631597943
2023-12-15 22:22:18,720 DEBUG crud.update_user(UPDATE users SET tg_id=:tg_id, user_link=:user_link, first_name=:first_name, last_name=:last_name WHERE users.nickname = :nickname_1)
2023-12-15 22:22:18,873 DEBUG end NotAdminFilter in filters.py user: marattssss pay user id: 5631597943 return True
2023-12-15 22:22:18,876 DEBUG get_links_for_user in crud.py, stmt:
 SELECT groups.id, groups.nickname, groups.link_chat, groups.news_group, groups.create_date 
FROM groups ORDER BY groups.nickname
2023-12-15 22:23:11,318 DEBUG get_list_admins in crud.py, stmt:
 SELECT admin.id, admin.nickname, admin.create_date 
FROM admin
2023-12-15 22:23:13,766 DEBUG get_list_admins in crud.py, stmt:
 SELECT admin.id, admin.nickname, admin.create_date 
FROM admin
2023-12-15 22:23:13,914 DEBUG get_list_admins in crud.py, stmt:
 SELECT admin.id, admin.nickname, admin.create_date 
FROM admin
2023-12-15 22:23:14,065 DEBUG get_list_admins in crud.py, stmt:
 SELECT admin.id, admin.nickname, admin.create_date 
FROM admin
2023-12-15 22:23:14,218 DEBUG get_list_admins in crud.py, stmt:
 SELECT admin.id, admin.nickname, admin.create_date 
FROM admin
2023-12-15 22:23:14,381 DEBUG get_list_admins in crud.py, stmt:
 SELECT admin.id, admin.nickname, admin.create_date 
FROM admin
2023-12-15 22:23:15,882 DEBUG get_list_admins in crud.py, stmt:
 SELECT admin.id, admin.nickname, admin.create_date 
FROM admin
2023-12-15 22:23:16,030 DEBUG get_list_admins in crud.py, stmt:
 SELECT admin.id, admin.nickname, admin.create_date 
FROM admin
2023-12-15 22:23:16,185 DEBUG get_list_admins in crud.py, stmt:
 SELECT admin.id, admin.nickname, admin.create_date 
FROM admin
2023-12-15 22:23:16,334 DEBUG get_list_admins in crud.py, stmt:
 SELECT admin.id, admin.nickname, admin.create_date 
FROM admin
2023-12-15 22:23:16,481 DEBUG get_list_admins in crud.py, stmt:
 SELECT admin.id, admin.nickname, admin.create_date 
FROM admin
2023-12-15 22:23:16,759 DEBUG start check_unpay_users_ban in admin_hand_serv.py user
2023-12-15 22:23:16,761 DEBUG get_list_groups in crud.py, stmt:
 SELECT groups.id, groups.nickname, groups.link_chat, groups.news_group, groups.create_date 
FROM groups
2023-12-15 22:23:16,913 DEBUG get_all_user in crud.py, stmt:
 SELECT users.id, users.nickname, users.tg_id, users.pay, users.ban, users.create_date, users.user_link, users.first_name, users.last_name 
FROM users ORDER BY users.nickname
2023-12-15 22:23:17,061 DEBUG get_list_admins in crud.py, stmt:
 SELECT admin.id, admin.nickname, admin.create_date 
FROM admin
2023-12-15 22:23:18,213 DEBUG for group in groups: group: PrivateGroupTest, id: -1002052813008
2023-12-15 22:23:22,610 DEBUG end check_unpay_users_ban in admin_hand_serv.py return FSInputFile('delete_user.txt')
2023-12-15 22:23:57,173 DEBUG get_list_admins in crud.py, stmt:
 SELECT admin.id, admin.nickname, admin.create_date 
FROM admin
2023-12-15 22:24:04,471 DEBUG get_list_admins in crud.py, stmt:
 SELECT admin.id, admin.nickname, admin.create_date 
FROM admin
2023-12-15 22:24:04,617 DEBUG get_list_admins in crud.py, stmt:
 SELECT admin.id, admin.nickname, admin.create_date 
FROM admin
2023-12-15 22:24:04,763 DEBUG get_list_admins in crud.py, stmt:
 SELECT admin.id, admin.nickname, admin.create_date 
FROM admin
2023-12-15 22:24:04,911 DEBUG get_list_admins in crud.py, stmt:
 SELECT admin.id, admin.nickname, admin.create_date 
FROM admin
2023-12-15 22:24:05,060 DEBUG get_list_admins in crud.py, stmt:
 SELECT admin.id, admin.nickname, admin.create_date 
FROM admin
2023-12-15 22:24:06,829 DEBUG get_list_admins in crud.py, stmt:
 SELECT admin.id, admin.nickname, admin.create_date 
FROM admin
2023-12-15 22:24:06,976 DEBUG get_list_admins in crud.py, stmt:
 SELECT admin.id, admin.nickname, admin.create_date 
FROM admin
2023-12-15 22:24:07,127 DEBUG get_list_admins in crud.py, stmt:
 SELECT admin.id, admin.nickname, admin.create_date 
FROM admin
2023-12-15 22:24:07,274 DEBUG get_list_admins in crud.py, stmt:
 SELECT admin.id, admin.nickname, admin.create_date 
FROM admin
2023-12-15 22:24:07,425 DEBUG get_list_admins in crud.py, stmt:
 SELECT admin.id, admin.nickname, admin.create_date 
FROM admin
2023-12-15 22:24:07,683 DEBUG start check_unpay_users_ban in admin_hand_serv.py user
2023-12-15 22:24:07,685 DEBUG get_list_groups in crud.py, stmt:
 SELECT groups.id, groups.nickname, groups.link_chat, groups.news_group, groups.create_date 
FROM groups
2023-12-15 22:24:07,833 DEBUG get_all_user in crud.py, stmt:
 SELECT users.id, users.nickname, users.tg_id, users.pay, users.ban, users.create_date, users.user_link, users.first_name, users.last_name 
FROM users ORDER BY users.nickname
2023-12-15 22:24:07,978 DEBUG get_list_admins in crud.py, stmt:
 SELECT admin.id, admin.nickname, admin.create_date 
FROM admin
2023-12-15 22:24:09,136 DEBUG for group in groups: group: PrivateGroupTest, id: -1002052813008
2023-12-15 22:24:13,390 DEBUG end check_unpay_users_ban in admin_hand_serv.py return FSInputFile('delete_user.txt')
2023-12-15 22:24:24,403 DEBUG start chat_member_update in chat_handlers.py
2023-12-15 22:24:24,404 DEBUG group name: PrivateGroupTest user nick marattssss
2023-12-15 22:24:24,407 DEBUG get_list_admins in crud.py, stmt:
 SELECT admin.id, admin.nickname, admin.create_date 
FROM admin
2023-12-15 22:24:24,561 DEBUG get_user_for_nickname in crud.py, stmt:
 SELECT users.id, users.nickname, users.tg_id, users.pay, users.ban, users.create_date, users.user_link, users.first_name, users.last_name 
FROM users 
WHERE users.nickname = :nickname_1
2023-12-15 22:24:24,710 DEBUG get_list_groups in crud.py, stmt:
 SELECT groups.id, groups.nickname, groups.link_chat, groups.news_group, groups.create_date 
FROM groups
2023-12-15 22:24:24,856 DEBUG start _user_without_tg_id_check in chat_handler.py
2023-12-15 22:24:24,857 DEBUG end _user_without_tg_id_check in chat_handler.py
2023-12-15 22:24:24,857 DEBUG start _ban_user_by_groups in chat_handler.py
2023-12-15 22:24:24,857 DEBUG popitka bana PrivateGroupTest 5631597943 marattssss
2023-12-15 22:24:25,031 DEBUG udacha ban
2023-12-15 22:24:25,031 DEBUG end _ban_user_by_groups in chat_handler.py
2023-12-15 22:24:25,031 DEBUG ban in chat_member_update in chat_handlers.py user: marattssss id user: 5631597943 chat name None
2023-12-15 22:24:25,031 DEBUG start _save_ban_user in chat_handler.py
2023-12-15 22:24:25,032 DEBUG add_object in crud.py obj: <db.models.Users object at 0x7f11e18aa250>
2023-12-15 22:24:25,181 DEBUG delete_user_by_id in crud.py, stmt:
 DELETE FROM users WHERE users.tg_id = :tg_id_1
2023-12-15 22:24:25,331 DEBUG add_object in crud.py obj: <db.models.Users object at 0x7f11e18aa250>
2023-12-15 22:24:25,484 DEBUG end _save_ban_user in chat_handler.py
2023-12-15 22:24:25,485 DEBUG end  chat_member_update in chat_handlers.py
2023-12-15 22:24:25,652 DEBUG start chat_member_update in chat_handlers.py
2023-12-15 22:24:25,653 DEBUG group name: PrivateGroupTest user nick eduardtest12384939302BoT
2023-12-15 22:24:25,655 DEBUG get_list_admins in crud.py, stmt:
 SELECT admin.id, admin.nickname, admin.create_date 
FROM admin
2023-12-15 22:24:25,806 DEBUG get_user_for_nickname in crud.py, stmt:
 SELECT users.id, users.nickname, users.tg_id, users.pay, users.ban, users.create_date, users.user_link, users.first_name, users.last_name 
FROM users 
WHERE users.nickname = :nickname_1
2023-12-15 22:24:25,955 DEBUG get_list_groups in crud.py, stmt:
 SELECT groups.id, groups.nickname, groups.link_chat, groups.news_group, groups.create_date 
FROM groups
2023-12-15 22:24:26,114 DEBUG start _user_without_tg_id_check in chat_handler.py
2023-12-15 22:24:26,115 DEBUG end _user_without_tg_id_check in chat_handler.py
2023-12-15 22:24:26,115 DEBUG start _ban_user_by_groups in chat_handler.py
2023-12-15 22:24:26,115 DEBUG popitka bana PrivateGroupTest 6616853828 eduardtest12384939302BoT
2023-12-15 22:24:26,213 DEBUG negative ban PrivateGroupTest 6616853828 eduardtest12384939302BoT
2023-12-15 22:24:26,213 WARNING Telegram server says - Bad Request: can't restrict self
2023-12-15 22:24:26,213 DEBUG end _ban_user_by_groups in chat_handler.py
2023-12-15 22:24:26,214 DEBUG ban in chat_member_update in chat_handlers.py user: eduardtest12384939302BoT id user: 6616853828 chat name None
2023-12-15 22:24:26,214 DEBUG start _save_ban_user in chat_handler.py
2023-12-15 22:24:26,214 DEBUG add_object in crud.py obj: <db.models.Users object at 0x7f11e0d76090>
2023-12-15 22:24:26,384 DEBUG end _save_ban_user in chat_handler.py
2023-12-15 22:24:26,384 DEBUG end  chat_member_update in chat_handlers.py
2023-12-15 22:27:26,239 INFO bot start
2023-12-15 22:27:41,280 DEBUG get_list_admins in crud.py, stmt:
 SELECT admin.id, admin.nickname, admin.create_date 
FROM admin
2023-12-15 22:27:49,495 DEBUG get_list_admins in crud.py, stmt:
 SELECT admin.id, admin.nickname, admin.create_date 
FROM admin
2023-12-15 22:27:51,613 DEBUG get_list_admins in crud.py, stmt:
 SELECT admin.id, admin.nickname, admin.create_date 
FROM admin
2023-12-15 22:27:55,233 DEBUG get_list_admins in crud.py, stmt:
 SELECT admin.id, admin.nickname, admin.create_date 
FROM admin
2023-12-15 22:27:57,160 DEBUG get_list_admins in crud.py, stmt:
 SELECT admin.id, admin.nickname, admin.create_date 
FROM admin
2023-12-15 22:27:57,308 DEBUG get_list_admins in crud.py, stmt:
 SELECT admin.id, admin.nickname, admin.create_date 
FROM admin
2023-12-15 22:27:57,456 DEBUG add_users_by_nickname in crud.py try: user: <db.models.Users object at 0x7f48ec1ae390>
2023-12-15 22:27:57,616 DEBUG except (PendingRollbackError, IntegrityError): add_users_by_nickname in crud.py, stmt:
 UPDATE users SET pay=:pay WHERE users.nickname = :nickname_1
2023-12-15 22:27:57,773 DEBUG end dd_users_by_nickname in crud.py: marattssss добавлен в оплаченные
2023-12-15 22:27:57,774 DEBUG start unban user_start in admin_hand_serv.py user: marattssss
2023-12-15 22:27:57,780 DEBUG get_user_for_nickname in crud.py, stmt:
 SELECT users.id, users.nickname, users.tg_id, users.pay, users.ban, users.create_date, users.user_link, users.first_name, users.last_name 
FROM users 
WHERE users.nickname = :nickname_1
2023-12-15 22:27:57,930 DEBUG if user.pay and user.ban: marattssss
2023-12-15 22:27:57,934 DEBUG get_list_groups in crud.py, stmt:
 SELECT groups.id, groups.nickname, groups.link_chat, groups.news_group, groups.create_date 
FROM groups
2023-12-15 22:27:58,095 DEBUG start _unban_now in admin_hand_serv.py user: marattssss
2023-12-15 22:27:58,096 DEBUG if not group.news_group:
2023-12-15 22:27:58,096 DEBUG try: 
2023-12-15 22:27:58,217 DEBUG unban complete user marattssss in try: 
2023-12-15 22:27:58,217 DEBUG end _unban_now in admin_hand_serv.py user: marattssss
2023-12-15 22:27:58,219 DEBUG unban_user in crud.py, stmt:
 UPDATE users SET ban=:ban WHERE users.nickname = :nickname_1
2023-12-15 22:27:58,368 DEBUG end unban user_start in admin_hand_serv.py user: marattssss
2023-12-15 22:27:58,377 DEBUG <aiogram.client.bot.Bot object at 0x7f48efb4cd50> 
6616853828 6616853828
2023-12-15 22:27:58,692 DEBUG start chat_member_update in chat_handlers.py
2023-12-15 22:27:58,693 DEBUG group name: PrivateGroupTest user nick eduardtest12384939302BoT
2023-12-15 22:27:58,694 DEBUG get_list_admins in crud.py, stmt:
 SELECT admin.id, admin.nickname, admin.create_date 
FROM admin
2023-12-15 22:27:58,841 DEBUG get_user_for_nickname in crud.py, stmt:
 SELECT users.id, users.nickname, users.tg_id, users.pay, users.ban, users.create_date, users.user_link, users.first_name, users.last_name 
FROM users 
WHERE users.nickname = :nickname_1
2023-12-15 22:27:58,990 DEBUG get_list_groups in crud.py, stmt:
 SELECT groups.id, groups.nickname, groups.link_chat, groups.news_group, groups.create_date 
FROM groups
2023-12-15 22:27:59,135 DEBUG start _user_without_tg_id_check in chat_handler.py
2023-12-15 22:27:59,135 DEBUG end _user_without_tg_id_check in chat_handler.py
2023-12-15 22:27:59,136 DEBUG start _ban_user_by_groups in chat_handler.py
2023-12-15 22:27:59,136 DEBUG popitka bana PrivateGroupTest 6616853828 eduardtest12384939302BoT
2023-12-15 22:27:59,221 DEBUG negative ban PrivateGroupTest 6616853828 eduardtest12384939302BoT
2023-12-15 22:27:59,222 WARNING Telegram server says - Bad Request: can't restrict self
2023-12-15 22:27:59,223 DEBUG end _ban_user_by_groups in chat_handler.py
2023-12-15 22:27:59,223 DEBUG ban in chat_member_update in chat_handlers.py user: eduardtest12384939302BoT id user: 6616853828 chat name None
2023-12-15 22:27:59,224 DEBUG start _save_ban_user in chat_handler.py
2023-12-15 22:27:59,224 DEBUG add_object in crud.py obj: <db.models.Users object at 0x7f48ec9fe010>
2023-12-15 22:27:59,379 DEBUG end _save_ban_user in chat_handler.py
2023-12-15 22:27:59,379 DEBUG end  chat_member_update in chat_handlers.py
2023-12-15 22:28:13,837 DEBUG <aiogram.client.bot.Bot object at 0x7f48efb4cd50> 
6616853828 6616853828
2023-12-15 22:28:13,999 DEBUG start chat_member_update in chat_handlers.py
2023-12-15 22:28:14,000 DEBUG group name: PrivateGroupTest user nick marattssss
2023-12-15 22:28:14,003 DEBUG get_list_admins in crud.py, stmt:
 SELECT admin.id, admin.nickname, admin.create_date 
FROM admin
2023-12-15 22:28:14,173 DEBUG get_user_for_nickname in crud.py, stmt:
 SELECT users.id, users.nickname, users.tg_id, users.pay, users.ban, users.create_date, users.user_link, users.first_name, users.last_name 
FROM users 
WHERE users.nickname = :nickname_1
2023-12-15 22:28:14,334 DEBUG get_list_groups in crud.py, stmt:
 SELECT groups.id, groups.nickname, groups.link_chat, groups.news_group, groups.create_date 
FROM groups
2023-12-15 22:28:14,483 DEBUG start _user_without_tg_id_check in chat_handler.py
2023-12-15 22:28:14,485 DEBUG not tg id
2023-12-15 22:28:14,493 DEBUG crud.update_user(UPDATE users SET tg_id=:tg_id, user_link=:user_link, first_name=:first_name, last_name=:last_name WHERE users.nickname = :nickname_1)
2023-12-15 22:28:14,645 DEBUG end _user_without_tg_id_check in chat_handler.py
2023-12-15 22:28:14,646 DEBUG end chat_member_update in chat_handlers.py because user save and pay user: marattssss id 21
2023-12-15 22:33:15,145 INFO bot start
2023-12-15 22:33:31,192 DEBUG get_list_admins in crud.py, stmt:
 SELECT admin.id, admin.nickname, admin.create_date 
FROM admin
2023-12-15 22:33:44,301 DEBUG get_list_admins in crud.py, stmt:
 SELECT admin.id, admin.nickname, admin.create_date 
FROM admin
2023-12-15 22:33:46,505 DEBUG get_list_admins in crud.py, stmt:
 SELECT admin.id, admin.nickname, admin.create_date 
FROM admin
2023-12-15 22:33:49,681 DEBUG get_list_admins in crud.py, stmt:
 SELECT admin.id, admin.nickname, admin.create_date 
FROM admin
2023-12-15 22:33:49,836 DEBUG get_list_admins in crud.py, stmt:
 SELECT admin.id, admin.nickname, admin.create_date 
FROM admin
2023-12-15 22:33:49,992 DEBUG unpay_users_by_nickname in crud.py, stmt:
 UPDATE users SET pay=:pay WHERE users.nickname = :nickname_1
2023-12-15 22:33:50,160 DEBUG start ban_user in admin_hand_serv.py user: marattssss
2023-12-15 22:33:50,168 DEBUG get_user_for_nickname in crud.py, stmt:
 SELECT users.id, users.nickname, users.tg_id, users.pay, users.ban, users.create_date, users.user_link, users.first_name, users.last_name 
FROM users 
WHERE users.nickname = :nickname_1
2023-12-15 22:33:50,360 DEBUG user from db: marattssss
2023-12-15 22:33:50,360 DEBUG bane_user in admin_hand_serv call crud.ban_users(marattssss)
2023-12-15 22:33:50,363 DEBUG ban_users in crud.py, stmt:
 UPDATE users SET ban=:ban WHERE users.nickname = :nickname_1
2023-12-15 22:33:50,531 DEBUG get_list_groups in crud.py, stmt:
 SELECT groups.id, groups.nickname, groups.link_chat, groups.news_group, groups.create_date 
FROM groups
2023-12-15 22:33:51,090 DEBUG for group in groups: group: PrivateGroupTest id -1002052813008 news: False user: marattssss user id: 5631597943
2023-12-15 22:33:51,248 DEBUG <aiogram.client.bot.Bot object at 0x7fe79f97d2d0> 
6616853828 6616853828
2023-12-15 22:33:51,249 DEBUG start chat_member_update in chat_handlers.py
2023-12-15 22:34:59,698 DEBUG get_list_admins in crud.py, stmt:
 SELECT admin.id, admin.nickname, admin.create_date 
FROM admin
2023-12-15 22:35:01,856 DEBUG get_list_admins in crud.py, stmt:
 SELECT admin.id, admin.nickname, admin.create_date 
FROM admin
2023-12-15 22:35:03,801 DEBUG get_list_admins in crud.py, stmt:
 SELECT admin.id, admin.nickname, admin.create_date 
FROM admin
2023-12-15 22:35:07,179 DEBUG get_list_admins in crud.py, stmt:
 SELECT admin.id, admin.nickname, admin.create_date 
FROM admin
2023-12-15 22:35:07,334 DEBUG get_list_admins in crud.py, stmt:
 SELECT admin.id, admin.nickname, admin.create_date 
FROM admin
2023-12-15 22:35:07,478 DEBUG add_users_by_nickname in crud.py try: user: <db.models.Users object at 0x7fe79cf3b390>
2023-12-15 22:35:07,633 DEBUG except (PendingRollbackError, IntegrityError): add_users_by_nickname in crud.py, stmt:
 UPDATE users SET pay=:pay WHERE users.nickname = :nickname_1
2023-12-15 22:35:07,779 DEBUG end dd_users_by_nickname in crud.py: marattssss добавлен в оплаченные
2023-12-15 22:35:07,779 DEBUG start unban user_start in admin_hand_serv.py user: marattssss
2023-12-15 22:35:07,784 DEBUG get_user_for_nickname in crud.py, stmt:
 SELECT users.id, users.nickname, users.tg_id, users.pay, users.ban, users.create_date, users.user_link, users.first_name, users.last_name 
FROM users 
WHERE users.nickname = :nickname_1
2023-12-15 22:35:07,928 DEBUG if user.pay and user.ban: marattssss
2023-12-15 22:35:07,930 DEBUG get_list_groups in crud.py, stmt:
 SELECT groups.id, groups.nickname, groups.link_chat, groups.news_group, groups.create_date 
FROM groups
2023-12-15 22:35:08,091 DEBUG start _unban_now in admin_hand_serv.py user: marattssss
2023-12-15 22:35:08,092 DEBUG if not group.news_group:
2023-12-15 22:35:08,092 DEBUG try: 
2023-12-15 22:35:08,308 DEBUG unban complete user marattssss in try: 
2023-12-15 22:35:08,309 DEBUG end _unban_now in admin_hand_serv.py user: marattssss
2023-12-15 22:35:08,312 DEBUG unban_user in crud.py, stmt:
 UPDATE users SET ban=:ban WHERE users.nickname = :nickname_1
2023-12-15 22:35:08,461 DEBUG end unban user_start in admin_hand_serv.py user: marattssss
2023-12-15 22:35:08,472 DEBUG <aiogram.client.bot.Bot object at 0x7fe79f97d2d0> 
6616853828 6616853828
2023-12-15 22:35:08,473 DEBUG start chat_member_update in chat_handlers.py
2023-12-15 22:36:23,974 DEBUG <aiogram.client.bot.Bot object at 0x7fe79f97d2d0> 
6616853828 6616853828
2023-12-15 22:36:23,974 DEBUG start chat_member_update in chat_handlers.py
2023-12-15 22:36:23,975 DEBUG group name: PrivateGroupTest user nick marattssss
2023-12-15 22:36:23,976 DEBUG get_list_admins in crud.py, stmt:
 SELECT admin.id, admin.nickname, admin.create_date 
FROM admin
2023-12-15 22:36:24,110 DEBUG get_user_for_nickname in crud.py, stmt:
 SELECT users.id, users.nickname, users.tg_id, users.pay, users.ban, users.create_date, users.user_link, users.first_name, users.last_name 
FROM users 
WHERE users.nickname = :nickname_1
2023-12-15 22:36:24,250 DEBUG get_list_groups in crud.py, stmt:
 SELECT groups.id, groups.nickname, groups.link_chat, groups.news_group, groups.create_date 
FROM groups
2023-12-15 22:36:24,387 DEBUG start _user_without_tg_id_check in chat_handler.py
2023-12-15 22:36:24,388 DEBUG not tg id
2023-12-15 22:36:24,390 DEBUG crud.update_user(UPDATE users SET tg_id=:tg_id, user_link=:user_link, first_name=:first_name, last_name=:last_name WHERE users.nickname = :nickname_1)
2023-12-15 22:36:24,536 DEBUG end _user_without_tg_id_check in chat_handler.py
2023-12-15 22:36:24,536 DEBUG end chat_member_update in chat_handlers.py because user save and pay user: marattssss id 21
2023-12-15 22:37:14,693 DEBUG get_list_admins in crud.py, stmt:
 SELECT admin.id, admin.nickname, admin.create_date 
FROM admin
2023-12-15 22:37:14,828 DEBUG get_list_admins in crud.py, stmt:
 SELECT admin.id, admin.nickname, admin.create_date 
FROM admin
2023-12-15 22:37:14,967 DEBUG get_list_admins in crud.py, stmt:
 SELECT admin.id, admin.nickname, admin.create_date 
FROM admin
2023-12-15 22:37:15,109 DEBUG get_list_admins in crud.py, stmt:
 SELECT admin.id, admin.nickname, admin.create_date 
FROM admin
2023-12-15 22:37:15,243 DEBUG start IsPayMember in filters.py user: marattssss user id: 5631597943
2023-12-15 22:37:15,247 DEBUG get_user_for_nickname in crud.py, stmt:
 SELECT users.id, users.nickname, users.tg_id, users.pay, users.ban, users.create_date, users.user_link, users.first_name, users.last_name 
FROM users 
WHERE users.nickname = :nickname_1
2023-12-15 22:37:15,381 DEBUG end NotAdminFilter in filters.py user: marattssss pay user id: 5631597943 return True
2023-12-15 22:37:15,386 DEBUG get_links_for_user in crud.py, stmt:
 SELECT groups.id, groups.nickname, groups.link_chat, groups.news_group, groups.create_date 
FROM groups ORDER BY groups.nickname
2023-12-15 22:37:28,096 DEBUG <aiogram.client.bot.Bot object at 0x7fe79f97d2d0> 
6616853828 6616853828
2023-12-15 22:37:28,096 DEBUG start chat_member_update in chat_handlers.py
2023-12-15 22:37:28,096 DEBUG group name: PrivateGroupTest user nick marattssss
2023-12-15 22:37:28,098 DEBUG get_list_admins in crud.py, stmt:
 SELECT admin.id, admin.nickname, admin.create_date 
FROM admin
2023-12-15 22:37:28,238 DEBUG get_user_for_nickname in crud.py, stmt:
 SELECT users.id, users.nickname, users.tg_id, users.pay, users.ban, users.create_date, users.user_link, users.first_name, users.last_name 
FROM users 
WHERE users.nickname = :nickname_1
2023-12-15 22:37:28,412 DEBUG get_list_groups in crud.py, stmt:
 SELECT groups.id, groups.nickname, groups.link_chat, groups.news_group, groups.create_date 
FROM groups
2023-12-15 22:37:28,555 DEBUG start _user_without_tg_id_check in chat_handler.py
2023-12-15 22:37:28,555 DEBUG not tg id
2023-12-15 22:37:28,557 DEBUG crud.update_user(UPDATE users SET tg_id=:tg_id, user_link=:user_link, first_name=:first_name, last_name=:last_name WHERE users.nickname = :nickname_1)
2023-12-15 22:37:28,693 DEBUG end _user_without_tg_id_check in chat_handler.py
2023-12-15 22:37:28,694 DEBUG end chat_member_update in chat_handlers.py because user save and pay user: marattssss id 21
2023-12-15 22:37:52,019 DEBUG get_list_admins in crud.py, stmt:
 SELECT admin.id, admin.nickname, admin.create_date 
FROM admin
2023-12-15 22:38:18,511 DEBUG get_list_admins in crud.py, stmt:
 SELECT admin.id, admin.nickname, admin.create_date 
FROM admin
2023-12-15 22:38:18,644 DEBUG get_list_admins in crud.py, stmt:
 SELECT admin.id, admin.nickname, admin.create_date 
FROM admin
2023-12-15 22:38:18,777 DEBUG get_list_admins in crud.py, stmt:
 SELECT admin.id, admin.nickname, admin.create_date 
FROM admin
2023-12-15 22:38:19,191 DEBUG get_name_id_group in crud.py, stmt:
 SELECT groups.id, groups.nickname, groups.link_chat, groups.news_group, groups.create_date 
FROM groups ORDER BY groups.nickname
2023-12-15 22:38:21,188 DEBUG get_list_admins in crud.py, stmt:
 SELECT admin.id, admin.nickname, admin.create_date 
FROM admin
2023-12-15 22:38:21,333 DEBUG get_list_admins in crud.py, stmt:
 SELECT admin.id, admin.nickname, admin.create_date 
FROM admin
2023-12-15 22:38:21,474 DEBUG get_list_admins in crud.py, stmt:
 SELECT admin.id, admin.nickname, admin.create_date 
FROM admin
2023-12-15 22:38:23,378 DEBUG get_list_admins in crud.py, stmt:
 SELECT admin.id, admin.nickname, admin.create_date 
FROM admin
2023-12-15 22:38:23,519 DEBUG get_list_admins in crud.py, stmt:
 SELECT admin.id, admin.nickname, admin.create_date 
FROM admin
2023-12-15 22:38:23,659 DEBUG get_list_admins in crud.py, stmt:
 SELECT admin.id, admin.nickname, admin.create_date 
FROM admin
2023-12-15 22:38:23,796 DEBUG get_list_admins in crud.py, stmt:
 SELECT admin.id, admin.nickname, admin.create_date 
FROM admin
2023-12-15 22:38:24,030 DEBUG update_group_status in crud.py, stmt:
 UPDATE groups SET news_group=:news_group WHERE groups.id = :id_1
2023-12-15 22:38:36,371 DEBUG <aiogram.client.bot.Bot object at 0x7fe79f97d2d0> 
6616853828 6616853828
2023-12-15 22:38:36,372 DEBUG start chat_member_update in chat_handlers.py
2023-12-15 22:38:36,373 DEBUG group name: PrivateGroupTest user nick marattssss
2023-12-15 22:38:36,375 DEBUG get_list_admins in crud.py, stmt:
 SELECT admin.id, admin.nickname, admin.create_date 
FROM admin
2023-12-15 22:38:36,515 DEBUG get_user_for_nickname in crud.py, stmt:
 SELECT users.id, users.nickname, users.tg_id, users.pay, users.ban, users.create_date, users.user_link, users.first_name, users.last_name 
FROM users 
WHERE users.nickname = :nickname_1
2023-12-15 22:38:36,680 DEBUG get_list_groups in crud.py, stmt:
 SELECT groups.id, groups.nickname, groups.link_chat, groups.news_group, groups.create_date 
FROM groups
2023-12-15 22:38:36,828 DEBUG start _add_new_user in chat_handler.py
2023-12-15 22:38:36,828 DEBUG add_object in crud.py obj: <db.models.Users object at 0x7fe79cf136d0>
2023-12-15 22:38:36,966 DEBUG end _add_new_user in chat_handler.py because not user and now user save or update user: marattssss user id: 5631597943 chat: None
2023-12-15 22:38:36,967 DEBUG end chat_member_update in chat_handlers.py because news group name: None id: -1002052813008
